  Determining projects to restore...
  All projects are up-to-date for restore.
  Gearbox.Domain -> C:\Users\Lenovo\RiderProjects\Gearbox-DEV\Gearbox.Domain\bin\Debug\net10.0\Gearbox.Domain.dll
  Gearbox.Infrastructure -> C:\Users\Lenovo\RiderProjects\Gearbox-DEV\Gearbox.Infrastructure\bin\Debug\net10.0\Gearbox.Infrastructure.dll
C:\Program Files\dotnet\sdk\10.0.103\Microsoft.Common.CurrentVersion.targets(2437,5): warning MSB3277: Found conflicts between different versions of "Microsoft.EntityFrameworkCore.Relational" that could not be resolved. [C:\Users\Lenovo\RiderProjects\Gearbox-DEV\Gearbox.Application\Gearbox.Application.csproj]
C:\Program Files\dotnet\sdk\10.0.103\Microsoft.Common.CurrentVersion.targets(2437,5): warning MSB3277: There was a conflict between "Microsoft.EntityFrameworkCore.Relational, Version=10.0.4.0, Culture=neutral, PublicKeyToken=adb9793829ddae60" and "Microsoft.EntityFrameworkCore.Relational, Version=10.0.5.0, Culture=neutral, PublicKeyToken=adb9793829ddae60". [C:\Users\Lenovo\RiderProjects\Gearbox-DEV\Gearbox.Application\Gearbox.Application.csproj]
C:\Program Files\dotnet\sdk\10.0.103\Microsoft.Common.CurrentVersion.targets(2437,5): warning MSB3277:     "Microsoft.EntityFrameworkCore.Relational, Version=10.0.4.0, Culture=neutral, PublicKeyToken=adb9793829ddae60" was chosen because it was primary and "Microsoft.EntityFrameworkCore.Relational, Version=10.0.5.0, Culture=neutral, PublicKeyToken=adb9793829ddae60" was not. [C:\Users\Lenovo\RiderProjects\Gearbox-DEV\Gearbox.Application\Gearbox.Application.csproj]
C:\Program Files\dotnet\sdk\10.0.103\Microsoft.Common.CurrentVersion.targets(2437,5): warning MSB3277:     References which depend on "Microsoft.EntityFrameworkCore.Relational, Version=10.0.4.0, Culture=neutral, PublicKeyToken=adb9793829ddae60" [C:\Users\Lenovo\.nuget\packages\microsoft.entityframeworkcore.relational\10.0.4\lib\net10.0\Microsoft.EntityFrameworkCore.Relational.dll]. [C:\Users\Lenovo\RiderProjects\Gearbox-DEV\Gearbox.Application\Gearbox.Application.csproj]
C:\Program Files\dotnet\sdk\10.0.103\Microsoft.Common.CurrentVersion.targets(2437,5): warning MSB3277:         C:\Users\Lenovo\.nuget\packages\microsoft.entityframeworkcore.relational\10.0.4\lib\net10.0\Microsoft.EntityFrameworkCore.Relational.dll [C:\Users\Lenovo\RiderProjects\Gearbox-DEV\Gearbox.Application\Gearbox.Application.csproj]
C:\Program Files\dotnet\sdk\10.0.103\Microsoft.Common.CurrentVersion.targets(2437,5): warning MSB3277:           Project file item includes which caused reference "C:\Users\Lenovo\.nuget\packages\microsoft.entityframeworkcore.relational\10.0.4\lib\net10.0\Microsoft.EntityFrameworkCore.Relational.dll". [C:\Users\Lenovo\RiderProjects\Gearbox-DEV\Gearbox.Application\Gearbox.Application.csproj]
C:\Program Files\dotnet\sdk\10.0.103\Microsoft.Common.CurrentVersion.targets(2437,5): warning MSB3277:             C:\Users\Lenovo\.nuget\packages\microsoft.entityframeworkcore.relational\10.0.4\lib\net10.0\Microsoft.EntityFrameworkCore.Relational.dll [C:\Users\Lenovo\RiderProjects\Gearbox-DEV\Gearbox.Application\Gearbox.Application.csproj]
C:\Program Files\dotnet\sdk\10.0.103\Microsoft.Common.CurrentVersion.targets(2437,5): warning MSB3277:     References which depend on or have been unified to "Microsoft.EntityFrameworkCore.Relational, Version=10.0.5.0, Culture=neutral, PublicKeyToken=adb9793829ddae60" []. [C:\Users\Lenovo\RiderProjects\Gearbox-DEV\Gearbox.Application\Gearbox.Application.csproj]
C:\Program Files\dotnet\sdk\10.0.103\Microsoft.Common.CurrentVersion.targets(2437,5): warning MSB3277:         C:\Users\Lenovo\RiderProjects\Gearbox-DEV\Gearbox.Infrastructure\bin\Debug\net10.0\Gearbox.Infrastructure.dll [C:\Users\Lenovo\RiderProjects\Gearbox-DEV\Gearbox.Application\Gearbox.Application.csproj]
C:\Program Files\dotnet\sdk\10.0.103\Microsoft.Common.CurrentVersion.targets(2437,5): warning MSB3277:           Project file item includes which caused reference "C:\Users\Lenovo\RiderProjects\Gearbox-DEV\Gearbox.Infrastructure\bin\Debug\net10.0\Gearbox.Infrastructure.dll". [C:\Users\Lenovo\RiderProjects\Gearbox-DEV\Gearbox.Application\Gearbox.Application.csproj]
C:\Program Files\dotnet\sdk\10.0.103\Microsoft.Common.CurrentVersion.targets(2437,5): warning MSB3277:             C:\Users\Lenovo\RiderProjects\Gearbox-DEV\Gearbox.Infrastructure\bin\Debug\net10.0\Gearbox.Infrastructure.dll [C:\Users\Lenovo\RiderProjects\Gearbox-DEV\Gearbox.Application\Gearbox.Application.csproj]
C:\Users\Lenovo\RiderProjects\Gearbox-DEV\Gearbox.Application\Services\PartService.cs(30,40): warning CS8603: Possible null reference return. [C:\Users\Lenovo\RiderProjects\Gearbox-DEV\Gearbox.Application\Gearbox.Application.csproj]
C:\Users\Lenovo\RiderProjects\Gearbox-DEV\Gearbox.Application\Services\VendorService.cs(30,40): warning CS8603: Possible null reference return. [C:\Users\Lenovo\RiderProjects\Gearbox-DEV\Gearbox.Application\Gearbox.Application.csproj]
C:\Users\Lenovo\RiderProjects\Gearbox-DEV\Gearbox.Application\Services\SalesInvoiceService.cs(30,40): warning CS8603: Possible null reference return. [C:\Users\Lenovo\RiderProjects\Gearbox-DEV\Gearbox.Application\Gearbox.Application.csproj]
C:\Users\Lenovo\RiderProjects\Gearbox-DEV\Gearbox.Application\Services\NotificationService.cs(30,40): warning CS8603: Possible null reference return. [C:\Users\Lenovo\RiderProjects\Gearbox-DEV\Gearbox.Application\Gearbox.Application.csproj]
C:\Users\Lenovo\RiderProjects\Gearbox-DEV\Gearbox.Application\Services\PurchaseInvoiceItemService.cs(30,40): warning CS8603: Possible null reference return. [C:\Users\Lenovo\RiderProjects\Gearbox-DEV\Gearbox.Application\Gearbox.Application.csproj]
C:\Users\Lenovo\RiderProjects\Gearbox-DEV\Gearbox.Application\Services\AppointmentService.cs(30,40): warning CS8603: Possible null reference return. [C:\Users\Lenovo\RiderProjects\Gearbox-DEV\Gearbox.Application\Gearbox.Application.csproj]
C:\Users\Lenovo\RiderProjects\Gearbox-DEV\Gearbox.Application\Services\PurchaseInvoiceService.cs(30,40): warning CS8603: Possible null reference return. [C:\Users\Lenovo\RiderProjects\Gearbox-DEV\Gearbox.Application\Gearbox.Application.csproj]
C:\Users\Lenovo\RiderProjects\Gearbox-DEV\Gearbox.Application\Services\CustomerService.cs(30,40): warning CS8603: Possible null reference return. [C:\Users\Lenovo\RiderProjects\Gearbox-DEV\Gearbox.Application\Gearbox.Application.csproj]
C:\Users\Lenovo\RiderProjects\Gearbox-DEV\Gearbox.Application\Services\SalesInvoiceItemService.cs(30,40): warning CS8603: Possible null reference return. [C:\Users\Lenovo\RiderProjects\Gearbox-DEV\Gearbox.Application\Gearbox.Application.csproj]
C:\Users\Lenovo\RiderProjects\Gearbox-DEV\Gearbox.Application\Services\PartRequestService.cs(30,40): warning CS8603: Possible null reference return. [C:\Users\Lenovo\RiderProjects\Gearbox-DEV\Gearbox.Application\Gearbox.Application.csproj]
C:\Users\Lenovo\RiderProjects\Gearbox-DEV\Gearbox.Application\Services\PartService.cs(68,40): warning CS8603: Possible null reference return. [C:\Users\Lenovo\RiderProjects\Gearbox-DEV\Gearbox.Application\Gearbox.Application.csproj]
C:\Users\Lenovo\RiderProjects\Gearbox-DEV\Gearbox.Application\Services\VendorService.cs(68,40): warning CS8603: Possible null reference return. [C:\Users\Lenovo\RiderProjects\Gearbox-DEV\Gearbox.Application\Gearbox.Application.csproj]
C:\Users\Lenovo\RiderProjects\Gearbox-DEV\Gearbox.Application\Services\SalesInvoiceService.cs(68,40): warning CS8603: Possible null reference return. [C:\Users\Lenovo\RiderProjects\Gearbox-DEV\Gearbox.Application\Gearbox.Application.csproj]
C:\Users\Lenovo\RiderProjects\Gearbox-DEV\Gearbox.Application\Services\AppointmentService.cs(68,40): warning CS8603: Possible null reference return. [C:\Users\Lenovo\RiderProjects\Gearbox-DEV\Gearbox.Application\Gearbox.Application.csproj]
C:\Users\Lenovo\RiderProjects\Gearbox-DEV\Gearbox.Application\Services\SalesInvoiceService.cs(78,37): warning CS8603: Possible null reference return. [C:\Users\Lenovo\RiderProjects\Gearbox-DEV\Gearbox.Application\Gearbox.Application.csproj]
C:\Users\Lenovo\RiderProjects\Gearbox-DEV\Gearbox.Application\Services\PartService.cs(78,37): warning CS8603: Possible null reference return. [C:\Users\Lenovo\RiderProjects\Gearbox-DEV\Gearbox.Application\Gearbox.Application.csproj]
C:\Users\Lenovo\RiderProjects\Gearbox-DEV\Gearbox.Application\Services\AppointmentService.cs(78,37): warning CS8603: Possible null reference return. [C:\Users\Lenovo\RiderProjects\Gearbox-DEV\Gearbox.Application\Gearbox.Application.csproj]
C:\Users\Lenovo\RiderProjects\Gearbox-DEV\Gearbox.Application\Services\VendorService.cs(78,37): warning CS8603: Possible null reference return. [C:\Users\Lenovo\RiderProjects\Gearbox-DEV\Gearbox.Application\Gearbox.Application.csproj]
C:\Users\Lenovo\RiderProjects\Gearbox-DEV\Gearbox.Application\Services\NotificationService.cs(68,40): warning CS8603: Possible null reference return. [C:\Users\Lenovo\RiderProjects\Gearbox-DEV\Gearbox.Application\Gearbox.Application.csproj]
C:\Users\Lenovo\RiderProjects\Gearbox-DEV\Gearbox.Application\Services\NotificationService.cs(78,37): warning CS8603: Possible null reference return. [C:\Users\Lenovo\RiderProjects\Gearbox-DEV\Gearbox.Application\Gearbox.Application.csproj]
C:\Users\Lenovo\RiderProjects\Gearbox-DEV\Gearbox.Application\Services\PurchaseInvoiceItemService.cs(68,40): warning CS8603: Possible null reference return. [C:\Users\Lenovo\RiderProjects\Gearbox-DEV\Gearbox.Application\Gearbox.Application.csproj]
C:\Users\Lenovo\RiderProjects\Gearbox-DEV\Gearbox.Application\Services\PurchaseInvoiceItemService.cs(78,37): warning CS8603: Possible null reference return. [C:\Users\Lenovo\RiderProjects\Gearbox-DEV\Gearbox.Application\Gearbox.Application.csproj]
C:\Users\Lenovo\RiderProjects\Gearbox-DEV\Gearbox.Application\Services\ServiceDetailsService.cs(23,46): error CS1061: 'IUnitOfWork' does not contain a definition for 'ServiceDetailss' and no accessible extension method 'ServiceDetailss' accepting a first argument of type 'IUnitOfWork' could be found (are you missing a using directive or an assembly reference?) [C:\Users\Lenovo\RiderProjects\Gearbox-DEV\Gearbox.Application\Gearbox.Application.csproj]
C:\Users\Lenovo\RiderProjects\Gearbox-DEV\Gearbox.Application\Services\ServiceDetailsService.cs(29,44): error CS1061: 'IUnitOfWork' does not contain a definition for 'ServiceDetailss' and no accessible extension method 'ServiceDetailss' accepting a first argument of type 'IUnitOfWork' could be found (are you missing a using directive or an assembly reference?) [C:\Users\Lenovo\RiderProjects\Gearbox-DEV\Gearbox.Application\Gearbox.Application.csproj]
C:\Users\Lenovo\RiderProjects\Gearbox-DEV\Gearbox.Application\Services\ServiceDetailsService.cs(30,40): warning CS8603: Possible null reference return. [C:\Users\Lenovo\RiderProjects\Gearbox-DEV\Gearbox.Application\Gearbox.Application.csproj]
C:\Users\Lenovo\RiderProjects\Gearbox-DEV\Gearbox.Application\Services\ServiceDetailsService.cs(38,31): error CS1061: 'IUnitOfWork' does not contain a definition for 'ServiceDetailss' and no accessible extension method 'ServiceDetailss' accepting a first argument of type 'IUnitOfWork' could be found (are you missing a using directive or an assembly reference?) [C:\Users\Lenovo\RiderProjects\Gearbox-DEV\Gearbox.Application\Gearbox.Application.csproj]
C:\Users\Lenovo\RiderProjects\Gearbox-DEV\Gearbox.Application\Services\VehicleService.cs(30,40): warning CS8603: Possible null reference return. [C:\Users\Lenovo\RiderProjects\Gearbox-DEV\Gearbox.Application\Gearbox.Application.csproj]
C:\Users\Lenovo\RiderProjects\Gearbox-DEV\Gearbox.Application\Services\ServiceBillService.cs(30,40): warning CS8603: Possible null reference return. [C:\Users\Lenovo\RiderProjects\Gearbox-DEV\Gearbox.Application\Gearbox.Application.csproj]
C:\Users\Lenovo\RiderProjects\Gearbox-DEV\Gearbox.Application\Services\SalesInvoiceItemService.cs(68,40): warning CS8603: Possible null reference return. [C:\Users\Lenovo\RiderProjects\Gearbox-DEV\Gearbox.Application\Gearbox.Application.csproj]
C:\Users\Lenovo\RiderProjects\Gearbox-DEV\Gearbox.Application\Services\ServiceDetailsService.cs(45,44): error CS1061: 'IUnitOfWork' does not contain a definition for 'ServiceDetailss' and no accessible extension method 'ServiceDetailss' accepting a first argument of type 'IUnitOfWork' could be found (are you missing a using directive or an assembly reference?) [C:\Users\Lenovo\RiderProjects\Gearbox-DEV\Gearbox.Application\Gearbox.Application.csproj]
C:\Users\Lenovo\RiderProjects\Gearbox-DEV\Gearbox.Application\Services\ServiceDetailsService.cs(50,29): error CS1061: 'IUnitOfWork' does not contain a definition for 'ServiceDetailss' and no accessible extension method 'ServiceDetailss' accepting a first argument of type 'IUnitOfWork' could be found (are you missing a using directive or an assembly reference?) [C:\Users\Lenovo\RiderProjects\Gearbox-DEV\Gearbox.Application\Gearbox.Application.csproj]
C:\Users\Lenovo\RiderProjects\Gearbox-DEV\Gearbox.Application\Services\SalesInvoiceItemService.cs(78,37): warning CS8603: Possible null reference return. [C:\Users\Lenovo\RiderProjects\Gearbox-DEV\Gearbox.Application\Gearbox.Application.csproj]
C:\Users\Lenovo\RiderProjects\Gearbox-DEV\Gearbox.Application\Services\PurchaseInvoiceService.cs(68,40): warning CS8603: Possible null reference return. [C:\Users\Lenovo\RiderProjects\Gearbox-DEV\Gearbox.Application\Gearbox.Application.csproj]
C:\Users\Lenovo\RiderProjects\Gearbox-DEV\Gearbox.Application\Services\CustomerService.cs(68,40): warning CS8603: Possible null reference return. [C:\Users\Lenovo\RiderProjects\Gearbox-DEV\Gearbox.Application\Gearbox.Application.csproj]
C:\Users\Lenovo\RiderProjects\Gearbox-DEV\Gearbox.Application\Services\CustomerService.cs(78,37): warning CS8603: Possible null reference return. [C:\Users\Lenovo\RiderProjects\Gearbox-DEV\Gearbox.Application\Gearbox.Application.csproj]
C:\Users\Lenovo\RiderProjects\Gearbox-DEV\Gearbox.Application\Services\PurchaseInvoiceService.cs(78,37): warning CS8603: Possible null reference return. [C:\Users\Lenovo\RiderProjects\Gearbox-DEV\Gearbox.Application\Gearbox.Application.csproj]
C:\Users\Lenovo\RiderProjects\Gearbox-DEV\Gearbox.Application\Services\ServiceDetailsService.cs(57,44): error CS1061: 'IUnitOfWork' does not contain a definition for 'ServiceDetailss' and no accessible extension method 'ServiceDetailss' accepting a first argument of type 'IUnitOfWork' could be found (are you missing a using directive or an assembly reference?) [C:\Users\Lenovo\RiderProjects\Gearbox-DEV\Gearbox.Application\Gearbox.Application.csproj]
C:\Users\Lenovo\RiderProjects\Gearbox-DEV\Gearbox.Application\Services\ServiceDetailsService.cs(60,29): error CS1061: 'IUnitOfWork' does not contain a definition for 'ServiceDetailss' and no accessible extension method 'ServiceDetailss' accepting a first argument of type 'IUnitOfWork' could be found (are you missing a using directive or an assembly reference?) [C:\Users\Lenovo\RiderProjects\Gearbox-DEV\Gearbox.Application\Gearbox.Application.csproj]
C:\Users\Lenovo\RiderProjects\Gearbox-DEV\Gearbox.Application\Services\ServiceDetailsService.cs(68,40): warning CS8603: Possible null reference return. [C:\Users\Lenovo\RiderProjects\Gearbox-DEV\Gearbox.Application\Gearbox.Application.csproj]
C:\Users\Lenovo\RiderProjects\Gearbox-DEV\Gearbox.Application\Services\ServiceDetailsService.cs(78,37): warning CS8603: Possible null reference return. [C:\Users\Lenovo\RiderProjects\Gearbox-DEV\Gearbox.Application\Gearbox.Application.csproj]
C:\Users\Lenovo\RiderProjects\Gearbox-DEV\Gearbox.Application\Services\ServiceBillService.cs(68,40): warning CS8603: Possible null reference return. [C:\Users\Lenovo\RiderProjects\Gearbox-DEV\Gearbox.Application\Gearbox.Application.csproj]
C:\Users\Lenovo\RiderProjects\Gearbox-DEV\Gearbox.Application\Services\VehicleService.cs(68,40): warning CS8603: Possible null reference return. [C:\Users\Lenovo\RiderProjects\Gearbox-DEV\Gearbox.Application\Gearbox.Application.csproj]
C:\Users\Lenovo\RiderProjects\Gearbox-DEV\Gearbox.Application\Services\ServiceBillService.cs(78,37): warning CS8603: Possible null reference return. [C:\Users\Lenovo\RiderProjects\Gearbox-DEV\Gearbox.Application\Gearbox.Application.csproj]
C:\Users\Lenovo\RiderProjects\Gearbox-DEV\Gearbox.Application\Services\VehicleService.cs(78,37): warning CS8603: Possible null reference return. [C:\Users\Lenovo\RiderProjects\Gearbox-DEV\Gearbox.Application\Gearbox.Application.csproj]
C:\Users\Lenovo\RiderProjects\Gearbox-DEV\Gearbox.Application\Services\PartRequestService.cs(68,40): warning CS8603: Possible null reference return. [C:\Users\Lenovo\RiderProjects\Gearbox-DEV\Gearbox.Application\Gearbox.Application.csproj]
C:\Users\Lenovo\RiderProjects\Gearbox-DEV\Gearbox.Application\Services\ServiceHistoryService.cs(30,40): warning CS8603: Possible null reference return. [C:\Users\Lenovo\RiderProjects\Gearbox-DEV\Gearbox.Application\Gearbox.Application.csproj]
C:\Users\Lenovo\RiderProjects\Gearbox-DEV\Gearbox.Application\Services\ServiceReviewService.cs(30,40): warning CS8603: Possible null reference return. [C:\Users\Lenovo\RiderProjects\Gearbox-DEV\Gearbox.Application\Gearbox.Application.csproj]
C:\Users\Lenovo\RiderProjects\Gearbox-DEV\Gearbox.Application\Services\UserService.cs(30,40): warning CS8603: Possible null reference return. [C:\Users\Lenovo\RiderProjects\Gearbox-DEV\Gearbox.Application\Gearbox.Application.csproj]
C:\Users\Lenovo\RiderProjects\Gearbox-DEV\Gearbox.Application\Services\StaffService.cs(30,40): warning CS8603: Possible null reference return. [C:\Users\Lenovo\RiderProjects\Gearbox-DEV\Gearbox.Application\Gearbox.Application.csproj]
C:\Users\Lenovo\RiderProjects\Gearbox-DEV\Gearbox.Application\Services\PartRequestService.cs(78,37): warning CS8603: Possible null reference return. [C:\Users\Lenovo\RiderProjects\Gearbox-DEV\Gearbox.Application\Gearbox.Application.csproj]
C:\Users\Lenovo\RiderProjects\Gearbox-DEV\Gearbox.Application\Services\StaffService.cs(68,40): warning CS8603: Possible null reference return. [C:\Users\Lenovo\RiderProjects\Gearbox-DEV\Gearbox.Application\Gearbox.Application.csproj]
C:\Users\Lenovo\RiderProjects\Gearbox-DEV\Gearbox.Application\Services\ServiceHistoryService.cs(68,40): warning CS8603: Possible null reference return. [C:\Users\Lenovo\RiderProjects\Gearbox-DEV\Gearbox.Application\Gearbox.Application.csproj]
C:\Users\Lenovo\RiderProjects\Gearbox-DEV\Gearbox.Application\Services\ServiceReviewService.cs(68,40): warning CS8603: Possible null reference return. [C:\Users\Lenovo\RiderProjects\Gearbox-DEV\Gearbox.Application\Gearbox.Application.csproj]
C:\Users\Lenovo\RiderProjects\Gearbox-DEV\Gearbox.Application\Services\UserService.cs(68,40): warning CS8603: Possible null reference return. [C:\Users\Lenovo\RiderProjects\Gearbox-DEV\Gearbox.Application\Gearbox.Application.csproj]
C:\Users\Lenovo\RiderProjects\Gearbox-DEV\Gearbox.Application\Services\ServiceReviewService.cs(78,37): warning CS8603: Possible null reference return. [C:\Users\Lenovo\RiderProjects\Gearbox-DEV\Gearbox.Application\Gearbox.Application.csproj]
C:\Users\Lenovo\RiderProjects\Gearbox-DEV\Gearbox.Application\Services\UserService.cs(78,37): warning CS8603: Possible null reference return. [C:\Users\Lenovo\RiderProjects\Gearbox-DEV\Gearbox.Application\Gearbox.Application.csproj]
C:\Users\Lenovo\RiderProjects\Gearbox-DEV\Gearbox.Application\Services\StaffService.cs(78,37): warning CS8603: Possible null reference return. [C:\Users\Lenovo\RiderProjects\Gearbox-DEV\Gearbox.Application\Gearbox.Application.csproj]
C:\Users\Lenovo\RiderProjects\Gearbox-DEV\Gearbox.Application\Services\ServiceHistoryService.cs(78,37): warning CS8603: Possible null reference return. [C:\Users\Lenovo\RiderProjects\Gearbox-DEV\Gearbox.Application\Gearbox.Application.csproj]

Build FAILED.

C:\Program Files\dotnet\sdk\10.0.103\Microsoft.Common.CurrentVersion.targets(2437,5): warning MSB3277: Found conflicts between different versions of "Microsoft.EntityFrameworkCore.Relational" that could not be resolved. [C:\Users\Lenovo\RiderProjects\Gearbox-DEV\Gearbox.Application\Gearbox.Application.csproj]
C:\Program Files\dotnet\sdk\10.0.103\Microsoft.Common.CurrentVersion.targets(2437,5): warning MSB3277: There was a conflict between "Microsoft.EntityFrameworkCore.Relational, Version=10.0.4.0, Culture=neutral, PublicKeyToken=adb9793829ddae60" and "Microsoft.EntityFrameworkCore.Relational, Version=10.0.5.0, Culture=neutral, PublicKeyToken=adb9793829ddae60". [C:\Users\Lenovo\RiderProjects\Gearbox-DEV\Gearbox.Application\Gearbox.Application.csproj]
C:\Program Files\dotnet\sdk\10.0.103\Microsoft.Common.CurrentVersion.targets(2437,5): warning MSB3277:     "Microsoft.EntityFrameworkCore.Relational, Version=10.0.4.0, Culture=neutral, PublicKeyToken=adb9793829ddae60" was chosen because it was primary and "Microsoft.EntityFrameworkCore.Relational, Version=10.0.5.0, Culture=neutral, PublicKeyToken=adb9793829ddae60" was not. [C:\Users\Lenovo\RiderProjects\Gearbox-DEV\Gearbox.Application\Gearbox.Application.csproj]
C:\Program Files\dotnet\sdk\10.0.103\Microsoft.Common.CurrentVersion.targets(2437,5): warning MSB3277:     References which depend on "Microsoft.EntityFrameworkCore.Relational, Version=10.0.4.0, Culture=neutral, PublicKeyToken=adb9793829ddae60" [C:\Users\Lenovo\.nuget\packages\microsoft.entityframeworkcore.relational\10.0.4\lib\net10.0\Microsoft.EntityFrameworkCore.Relational.dll]. [C:\Users\Lenovo\RiderProjects\Gearbox-DEV\Gearbox.Application\Gearbox.Application.csproj]
C:\Program Files\dotnet\sdk\10.0.103\Microsoft.Common.CurrentVersion.targets(2437,5): warning MSB3277:         C:\Users\Lenovo\.nuget\packages\microsoft.entityframeworkcore.relational\10.0.4\lib\net10.0\Microsoft.EntityFrameworkCore.Relational.dll [C:\Users\Lenovo\RiderProjects\Gearbox-DEV\Gearbox.Application\Gearbox.Application.csproj]
C:\Program Files\dotnet\sdk\10.0.103\Microsoft.Common.CurrentVersion.targets(2437,5): warning MSB3277:           Project file item includes which caused reference "C:\Users\Lenovo\.nuget\packages\microsoft.entityframeworkcore.relational\10.0.4\lib\net10.0\Microsoft.EntityFrameworkCore.Relational.dll". [C:\Users\Lenovo\RiderProjects\Gearbox-DEV\Gearbox.Application\Gearbox.Application.csproj]
C:\Program Files\dotnet\sdk\10.0.103\Microsoft.Common.CurrentVersion.targets(2437,5): warning MSB3277:             C:\Users\Lenovo\.nuget\packages\microsoft.entityframeworkcore.relational\10.0.4\lib\net10.0\Microsoft.EntityFrameworkCore.Relational.dll [C:\Users\Lenovo\RiderProjects\Gearbox-DEV\Gearbox.Application\Gearbox.Application.csproj]
C:\Program Files\dotnet\sdk\10.0.103\Microsoft.Common.CurrentVersion.targets(2437,5): warning MSB3277:     References which depend on or have been unified to "Microsoft.EntityFrameworkCore.Relational, Version=10.0.5.0, Culture=neutral, PublicKeyToken=adb9793829ddae60" []. [C:\Users\Lenovo\RiderProjects\Gearbox-DEV\Gearbox.Application\Gearbox.Application.csproj]
C:\Program Files\dotnet\sdk\10.0.103\Microsoft.Common.CurrentVersion.targets(2437,5): warning MSB3277:         C:\Users\Lenovo\RiderProjects\Gearbox-DEV\Gearbox.Infrastructure\bin\Debug\net10.0\Gearbox.Infrastructure.dll [C:\Users\Lenovo\RiderProjects\Gearbox-DEV\Gearbox.Application\Gearbox.Application.csproj]
C:\Program Files\dotnet\sdk\10.0.103\Microsoft.Common.CurrentVersion.targets(2437,5): warning MSB3277:           Project file item includes which caused reference "C:\Users\Lenovo\RiderProjects\Gearbox-DEV\Gearbox.Infrastructure\bin\Debug\net10.0\Gearbox.Infrastructure.dll". [C:\Users\Lenovo\RiderProjects\Gearbox-DEV\Gearbox.Application\Gearbox.Application.csproj]
C:\Program Files\dotnet\sdk\10.0.103\Microsoft.Common.CurrentVersion.targets(2437,5): warning MSB3277:             C:\Users\Lenovo\RiderProjects\Gearbox-DEV\Gearbox.Infrastructure\bin\Debug\net10.0\Gearbox.Infrastructure.dll [C:\Users\Lenovo\RiderProjects\Gearbox-DEV\Gearbox.Application\Gearbox.Application.csproj]
C:\Users\Lenovo\RiderProjects\Gearbox-DEV\Gearbox.Application\Services\PartService.cs(30,40): warning CS8603: Possible null reference return. [C:\Users\Lenovo\RiderProjects\Gearbox-DEV\Gearbox.Application\Gearbox.Application.csproj]
C:\Users\Lenovo\RiderProjects\Gearbox-DEV\Gearbox.Application\Services\VendorService.cs(30,40): warning CS8603: Possible null reference return. [C:\Users\Lenovo\RiderProjects\Gearbox-DEV\Gearbox.Application\Gearbox.Application.csproj]
C:\Users\Lenovo\RiderProjects\Gearbox-DEV\Gearbox.Application\Services\SalesInvoiceService.cs(30,40): warning CS8603: Possible null reference return. [C:\Users\Lenovo\RiderProjects\Gearbox-DEV\Gearbox.Application\Gearbox.Application.csproj]
C:\Users\Lenovo\RiderProjects\Gearbox-DEV\Gearbox.Application\Services\NotificationService.cs(30,40): warning CS8603: Possible null reference return. [C:\Users\Lenovo\RiderProjects\Gearbox-DEV\Gearbox.Application\Gearbox.Application.csproj]
C:\Users\Lenovo\RiderProjects\Gearbox-DEV\Gearbox.Application\Services\PurchaseInvoiceItemService.cs(30,40): warning CS8603: Possible null reference return. [C:\Users\Lenovo\RiderProjects\Gearbox-DEV\Gearbox.Application\Gearbox.Application.csproj]
C:\Users\Lenovo\RiderProjects\Gearbox-DEV\Gearbox.Application\Services\AppointmentService.cs(30,40): warning CS8603: Possible null reference return. [C:\Users\Lenovo\RiderProjects\Gearbox-DEV\Gearbox.Application\Gearbox.Application.csproj]
C:\Users\Lenovo\RiderProjects\Gearbox-DEV\Gearbox.Application\Services\PurchaseInvoiceService.cs(30,40): warning CS8603: Possible null reference return. [C:\Users\Lenovo\RiderProjects\Gearbox-DEV\Gearbox.Application\Gearbox.Application.csproj]
C:\Users\Lenovo\RiderProjects\Gearbox-DEV\Gearbox.Application\Services\CustomerService.cs(30,40): warning CS8603: Possible null reference return. [C:\Users\Lenovo\RiderProjects\Gearbox-DEV\Gearbox.Application\Gearbox.Application.csproj]
C:\Users\Lenovo\RiderProjects\Gearbox-DEV\Gearbox.Application\Services\SalesInvoiceItemService.cs(30,40): warning CS8603: Possible null reference return. [C:\Users\Lenovo\RiderProjects\Gearbox-DEV\Gearbox.Application\Gearbox.Application.csproj]
C:\Users\Lenovo\RiderProjects\Gearbox-DEV\Gearbox.Application\Services\PartRequestService.cs(30,40): warning CS8603: Possible null reference return. [C:\Users\Lenovo\RiderProjects\Gearbox-DEV\Gearbox.Application\Gearbox.Application.csproj]
C:\Users\Lenovo\RiderProjects\Gearbox-DEV\Gearbox.Application\Services\PartService.cs(68,40): warning CS8603: Possible null reference return. [C:\Users\Lenovo\RiderProjects\Gearbox-DEV\Gearbox.Application\Gearbox.Application.csproj]
C:\Users\Lenovo\RiderProjects\Gearbox-DEV\Gearbox.Application\Services\VendorService.cs(68,40): warning CS8603: Possible null reference return. [C:\Users\Lenovo\RiderProjects\Gearbox-DEV\Gearbox.Application\Gearbox.Application.csproj]
C:\Users\Lenovo\RiderProjects\Gearbox-DEV\Gearbox.Application\Services\SalesInvoiceService.cs(68,40): warning CS8603: Possible null reference return. [C:\Users\Lenovo\RiderProjects\Gearbox-DEV\Gearbox.Application\Gearbox.Application.csproj]
C:\Users\Lenovo\RiderProjects\Gearbox-DEV\Gearbox.Application\Services\AppointmentService.cs(68,40): warning CS8603: Possible null reference return. [C:\Users\Lenovo\RiderProjects\Gearbox-DEV\Gearbox.Application\Gearbox.Application.csproj]
C:\Users\Lenovo\RiderProjects\Gearbox-DEV\Gearbox.Application\Services\SalesInvoiceService.cs(78,37): warning CS8603: Possible null reference return. [C:\Users\Lenovo\RiderProjects\Gearbox-DEV\Gearbox.Application\Gearbox.Application.csproj]
C:\Users\Lenovo\RiderProjects\Gearbox-DEV\Gearbox.Application\Services\PartService.cs(78,37): warning CS8603: Possible null reference return. [C:\Users\Lenovo\RiderProjects\Gearbox-DEV\Gearbox.Application\Gearbox.Application.csproj]
C:\Users\Lenovo\RiderProjects\Gearbox-DEV\Gearbox.Application\Services\AppointmentService.cs(78,37): warning CS8603: Possible null reference return. [C:\Users\Lenovo\RiderProjects\Gearbox-DEV\Gearbox.Application\Gearbox.Application.csproj]
C:\Users\Lenovo\RiderProjects\Gearbox-DEV\Gearbox.Application\Services\VendorService.cs(78,37): warning CS8603: Possible null reference return. [C:\Users\Lenovo\RiderProjects\Gearbox-DEV\Gearbox.Application\Gearbox.Application.csproj]
C:\Users\Lenovo\RiderProjects\Gearbox-DEV\Gearbox.Application\Services\NotificationService.cs(68,40): warning CS8603: Possible null reference return. [C:\Users\Lenovo\RiderProjects\Gearbox-DEV\Gearbox.Application\Gearbox.Application.csproj]
C:\Users\Lenovo\RiderProjects\Gearbox-DEV\Gearbox.Application\Services\NotificationService.cs(78,37): warning CS8603: Possible null reference return. [C:\Users\Lenovo\RiderProjects\Gearbox-DEV\Gearbox.Application\Gearbox.Application.csproj]
C:\Users\Lenovo\RiderProjects\Gearbox-DEV\Gearbox.Application\Services\PurchaseInvoiceItemService.cs(68,40): warning CS8603: Possible null reference return. [C:\Users\Lenovo\RiderProjects\Gearbox-DEV\Gearbox.Application\Gearbox.Application.csproj]
C:\Users\Lenovo\RiderProjects\Gearbox-DEV\Gearbox.Application\Services\PurchaseInvoiceItemService.cs(78,37): warning CS8603: Possible null reference return. [C:\Users\Lenovo\RiderProjects\Gearbox-DEV\Gearbox.Application\Gearbox.Application.csproj]
C:\Users\Lenovo\RiderProjects\Gearbox-DEV\Gearbox.Application\Services\ServiceDetailsService.cs(30,40): warning CS8603: Possible null reference return. [C:\Users\Lenovo\RiderProjects\Gearbox-DEV\Gearbox.Application\Gearbox.Application.csproj]
C:\Users\Lenovo\RiderProjects\Gearbox-DEV\Gearbox.Application\Services\VehicleService.cs(30,40): warning CS8603: Possible null reference return. [C:\Users\Lenovo\RiderProjects\Gearbox-DEV\Gearbox.Application\Gearbox.Application.csproj]
C:\Users\Lenovo\RiderProjects\Gearbox-DEV\Gearbox.Application\Services\ServiceBillService.cs(30,40): warning CS8603: Possible null reference return. [C:\Users\Lenovo\RiderProjects\Gearbox-DEV\Gearbox.Application\Gearbox.Application.csproj]
C:\Users\Lenovo\RiderProjects\Gearbox-DEV\Gearbox.Application\Services\SalesInvoiceItemService.cs(68,40): warning CS8603: Possible null reference return. [C:\Users\Lenovo\RiderProjects\Gearbox-DEV\Gearbox.Application\Gearbox.Application.csproj]
C:\Users\Lenovo\RiderProjects\Gearbox-DEV\Gearbox.Application\Services\SalesInvoiceItemService.cs(78,37): warning CS8603: Possible null reference return. [C:\Users\Lenovo\RiderProjects\Gearbox-DEV\Gearbox.Application\Gearbox.Application.csproj]
C:\Users\Lenovo\RiderProjects\Gearbox-DEV\Gearbox.Application\Services\PurchaseInvoiceService.cs(68,40): warning CS8603: Possible null reference return. [C:\Users\Lenovo\RiderProjects\Gearbox-DEV\Gearbox.Application\Gearbox.Application.csproj]
C:\Users\Lenovo\RiderProjects\Gearbox-DEV\Gearbox.Application\Services\CustomerService.cs(68,40): warning CS8603: Possible null reference return. [C:\Users\Lenovo\RiderProjects\Gearbox-DEV\Gearbox.Application\Gearbox.Application.csproj]
C:\Users\Lenovo\RiderProjects\Gearbox-DEV\Gearbox.Application\Services\CustomerService.cs(78,37): warning CS8603: Possible null reference return. [C:\Users\Lenovo\RiderProjects\Gearbox-DEV\Gearbox.Application\Gearbox.Application.csproj]
C:\Users\Lenovo\RiderProjects\Gearbox-DEV\Gearbox.Application\Services\PurchaseInvoiceService.cs(78,37): warning CS8603: Possible null reference return. [C:\Users\Lenovo\RiderProjects\Gearbox-DEV\Gearbox.Application\Gearbox.Application.csproj]
C:\Users\Lenovo\RiderProjects\Gearbox-DEV\Gearbox.Application\Services\ServiceDetailsService.cs(68,40): warning CS8603: Possible null reference return. [C:\Users\Lenovo\RiderProjects\Gearbox-DEV\Gearbox.Application\Gearbox.Application.csproj]
C:\Users\Lenovo\RiderProjects\Gearbox-DEV\Gearbox.Application\Services\ServiceDetailsService.cs(78,37): warning CS8603: Possible null reference return. [C:\Users\Lenovo\RiderProjects\Gearbox-DEV\Gearbox.Application\Gearbox.Application.csproj]
C:\Users\Lenovo\RiderProjects\Gearbox-DEV\Gearbox.Application\Services\ServiceBillService.cs(68,40): warning CS8603: Possible null reference return. [C:\Users\Lenovo\RiderProjects\Gearbox-DEV\Gearbox.Application\Gearbox.Application.csproj]
C:\Users\Lenovo\RiderProjects\Gearbox-DEV\Gearbox.Application\Services\VehicleService.cs(68,40): warning CS8603: Possible null reference return. [C:\Users\Lenovo\RiderProjects\Gearbox-DEV\Gearbox.Application\Gearbox.Application.csproj]
C:\Users\Lenovo\RiderProjects\Gearbox-DEV\Gearbox.Application\Services\ServiceBillService.cs(78,37): warning CS8603: Possible null reference return. [C:\Users\Lenovo\RiderProjects\Gearbox-DEV\Gearbox.Application\Gearbox.Application.csproj]
C:\Users\Lenovo\RiderProjects\Gearbox-DEV\Gearbox.Application\Services\VehicleService.cs(78,37): warning CS8603: Possible null reference return. [C:\Users\Lenovo\RiderProjects\Gearbox-DEV\Gearbox.Application\Gearbox.Application.csproj]
C:\Users\Lenovo\RiderProjects\Gearbox-DEV\Gearbox.Application\Services\PartRequestService.cs(68,40): warning CS8603: Possible null reference return. [C:\Users\Lenovo\RiderProjects\Gearbox-DEV\Gearbox.Application\Gearbox.Application.csproj]
C:\Users\Lenovo\RiderProjects\Gearbox-DEV\Gearbox.Application\Services\ServiceHistoryService.cs(30,40): warning CS8603: Possible null reference return. [C:\Users\Lenovo\RiderProjects\Gearbox-DEV\Gearbox.Application\Gearbox.Application.csproj]
C:\Users\Lenovo\RiderProjects\Gearbox-DEV\Gearbox.Application\Services\ServiceReviewService.cs(30,40): warning CS8603: Possible null reference return. [C:\Users\Lenovo\RiderProjects\Gearbox-DEV\Gearbox.Application\Gearbox.Application.csproj]
C:\Users\Lenovo\RiderProjects\Gearbox-DEV\Gearbox.Application\Services\UserService.cs(30,40): warning CS8603: Possible null reference return. [C:\Users\Lenovo\RiderProjects\Gearbox-DEV\Gearbox.Application\Gearbox.Application.csproj]
C:\Users\Lenovo\RiderProjects\Gearbox-DEV\Gearbox.Application\Services\StaffService.cs(30,40): warning CS8603: Possible null reference return. [C:\Users\Lenovo\RiderProjects\Gearbox-DEV\Gearbox.Application\Gearbox.Application.csproj]
C:\Users\Lenovo\RiderProjects\Gearbox-DEV\Gearbox.Application\Services\PartRequestService.cs(78,37): warning CS8603: Possible null reference return. [C:\Users\Lenovo\RiderProjects\Gearbox-DEV\Gearbox.Application\Gearbox.Application.csproj]
C:\Users\Lenovo\RiderProjects\Gearbox-DEV\Gearbox.Application\Services\StaffService.cs(68,40): warning CS8603: Possible null reference return. [C:\Users\Lenovo\RiderProjects\Gearbox-DEV\Gearbox.Application\Gearbox.Application.csproj]
C:\Users\Lenovo\RiderProjects\Gearbox-DEV\Gearbox.Application\Services\ServiceHistoryService.cs(68,40): warning CS8603: Possible null reference return. [C:\Users\Lenovo\RiderProjects\Gearbox-DEV\Gearbox.Application\Gearbox.Application.csproj]
C:\Users\Lenovo\RiderProjects\Gearbox-DEV\Gearbox.Application\Services\ServiceReviewService.cs(68,40): warning CS8603: Possible null reference return. [C:\Users\Lenovo\RiderProjects\Gearbox-DEV\Gearbox.Application\Gearbox.Application.csproj]
C:\Users\Lenovo\RiderProjects\Gearbox-DEV\Gearbox.Application\Services\UserService.cs(68,40): warning CS8603: Possible null reference return. [C:\Users\Lenovo\RiderProjects\Gearbox-DEV\Gearbox.Application\Gearbox.Application.csproj]
C:\Users\Lenovo\RiderProjects\Gearbox-DEV\Gearbox.Application\Services\ServiceReviewService.cs(78,37): warning CS8603: Possible null reference return. [C:\Users\Lenovo\RiderProjects\Gearbox-DEV\Gearbox.Application\Gearbox.Application.csproj]
C:\Users\Lenovo\RiderProjects\Gearbox-DEV\Gearbox.Application\Services\UserService.cs(78,37): warning CS8603: Possible null reference return. [C:\Users\Lenovo\RiderProjects\Gearbox-DEV\Gearbox.Application\Gearbox.Application.csproj]
C:\Users\Lenovo\RiderProjects\Gearbox-DEV\Gearbox.Application\Services\StaffService.cs(78,37): warning CS8603: Possible null reference return. [C:\Users\Lenovo\RiderProjects\Gearbox-DEV\Gearbox.Application\Gearbox.Application.csproj]
C:\Users\Lenovo\RiderProjects\Gearbox-DEV\Gearbox.Application\Services\ServiceHistoryService.cs(78,37): warning CS8603: Possible null reference return. [C:\Users\Lenovo\RiderProjects\Gearbox-DEV\Gearbox.Application\Gearbox.Application.csproj]
C:\Users\Lenovo\RiderProjects\Gearbox-DEV\Gearbox.Application\Services\ServiceDetailsService.cs(23,46): error CS1061: 'IUnitOfWork' does not contain a definition for 'ServiceDetailss' and no accessible extension method 'ServiceDetailss' accepting a first argument of type 'IUnitOfWork' could be found (are you missing a using directive or an assembly reference?) [C:\Users\Lenovo\RiderProjects\Gearbox-DEV\Gearbox.Application\Gearbox.Application.csproj]
C:\Users\Lenovo\RiderProjects\Gearbox-DEV\Gearbox.Application\Services\ServiceDetailsService.cs(29,44): error CS1061: 'IUnitOfWork' does not contain a definition for 'ServiceDetailss' and no accessible extension method 'ServiceDetailss' accepting a first argument of type 'IUnitOfWork' could be found (are you missing a using directive or an assembly reference?) [C:\Users\Lenovo\RiderProjects\Gearbox-DEV\Gearbox.Application\Gearbox.Application.csproj]
C:\Users\Lenovo\RiderProjects\Gearbox-DEV\Gearbox.Application\Services\ServiceDetailsService.cs(38,31): error CS1061: 'IUnitOfWork' does not contain a definition for 'ServiceDetailss' and no accessible extension method 'ServiceDetailss' accepting a first argument of type 'IUnitOfWork' could be found (are you missing a using directive or an assembly reference?) [C:\Users\Lenovo\RiderProjects\Gearbox-DEV\Gearbox.Application\Gearbox.Application.csproj]
C:\Users\Lenovo\RiderProjects\Gearbox-DEV\Gearbox.Application\Services\ServiceDetailsService.cs(45,44): error CS1061: 'IUnitOfWork' does not contain a definition for 'ServiceDetailss' and no accessible extension method 'ServiceDetailss' accepting a first argument of type 'IUnitOfWork' could be found (are you missing a using directive or an assembly reference?) [C:\Users\Lenovo\RiderProjects\Gearbox-DEV\Gearbox.Application\Gearbox.Application.csproj]
C:\Users\Lenovo\RiderProjects\Gearbox-DEV\Gearbox.Application\Services\ServiceDetailsService.cs(50,29): error CS1061: 'IUnitOfWork' does not contain a definition for 'ServiceDetailss' and no accessible extension method 'ServiceDetailss' accepting a first argument of type 'IUnitOfWork' could be found (are you missing a using directive or an assembly reference?) [C:\Users\Lenovo\RiderProjects\Gearbox-DEV\Gearbox.Application\Gearbox.Application.csproj]
C:\Users\Lenovo\RiderProjects\Gearbox-DEV\Gearbox.Application\Services\ServiceDetailsService.cs(57,44): error CS1061: 'IUnitOfWork' does not contain a definition for 'ServiceDetailss' and no accessible extension method 'ServiceDetailss' accepting a first argument of type 'IUnitOfWork' could be found (are you missing a using directive or an assembly reference?) [C:\Users\Lenovo\RiderProjects\Gearbox-DEV\Gearbox.Application\Gearbox.Application.csproj]
C:\Users\Lenovo\RiderProjects\Gearbox-DEV\Gearbox.Application\Services\ServiceDetailsService.cs(60,29): error CS1061: 'IUnitOfWork' does not contain a definition for 'ServiceDetailss' and no accessible extension method 'ServiceDetailss' accepting a first argument of type 'IUnitOfWork' could be found (are you missing a using directive or an assembly reference?) [C:\Users\Lenovo\RiderProjects\Gearbox-DEV\Gearbox.Application\Gearbox.Application.csproj]
    52 Warning(s)
    7 Error(s)

Time Elapsed 00:00:01.76
